2023-12-28 05:35:29 INFO  [utils.Base] Browser Launched
2023-12-28 05:35:32 INFO  [utils.Base] Browser Loaded the URL
2023-12-28 05:35:34 INFO  [pages.homepage] 1234
2023-12-28 05:35:34 INFO  [pages.homepage] qwert
2023-12-28 05:35:34 INFO  [pages.homepage] Chrome
2023-12-28 05:35:35 INFO  [pages.homepage] Info Message!
2023-12-28 05:35:35 WARN  [pages.homepage] Warn Message!
2023-12-28 05:35:35 ERROR [pages.homepage] Error Message!
2023-12-28 05:35:35 FATAL [pages.homepage] Fatal Message!
2023-12-28 05:35:46 INFO  [utils.Base] Browser Launched
2023-12-28 05:35:48 INFO  [utils.Base] Browser Loaded the URL
2023-12-28 05:35:50 INFO  [pages.homepage] 1234
2023-12-28 05:35:50 INFO  [pages.homepage] qwert
2023-12-28 05:35:50 INFO  [pages.homepage] Chrome
2023-12-28 05:35:50 INFO  [pages.homepage] Info Message!
2023-12-28 05:35:50 WARN  [pages.homepage] Warn Message!
2023-12-28 05:35:50 ERROR [pages.homepage] Error Message!
2023-12-28 05:35:50 FATAL [pages.homepage] Fatal Message!
2023-12-28 05:36:01 INFO  [utils.Base] Browser Launched
2023-12-28 05:36:03 INFO  [utils.Base] Browser Loaded the URL
2023-12-28 05:36:04 INFO  [pages.homepage] 1234
2023-12-28 05:36:04 INFO  [pages.homepage] qwert
2023-12-28 05:36:04 INFO  [pages.homepage] Chrome
2023-12-28 05:36:05 INFO  [pages.homepage] Info Message!
2023-12-28 05:36:05 WARN  [pages.homepage] Warn Message!
2023-12-28 05:36:05 ERROR [pages.homepage] Error Message!
2023-12-28 05:36:05 FATAL [pages.homepage] Fatal Message!
