2023-12-28 05:51:30 INFO  [utils.Base] Browser Launched
2023-12-28 05:51:33 INFO  [utils.Base] Browser Loaded the URL
2023-12-28 05:51:35 INFO  [pages.homepage] 1234
2023-12-28 05:51:35 INFO  [pages.homepage] qwert
2023-12-28 05:51:35 INFO  [pages.homepage] Chrome
2023-12-28 05:51:36 INFO  [pages.homepage] Info Message!
2023-12-28 05:51:36 WARN  [pages.homepage] Warn Message!
2023-12-28 05:51:36 ERROR [pages.homepage] Error Message!
2023-12-28 05:51:36 FATAL [pages.homepage] Fatal Message!
2023-12-28 05:51:47 INFO  [utils.Base] Browser Launched
2023-12-28 05:51:50 INFO  [utils.Base] Browser Loaded the URL
2023-12-28 05:51:51 INFO  [pages.homepage] 1234
2023-12-28 05:51:51 INFO  [pages.homepage] qwert
2023-12-28 05:51:51 INFO  [pages.homepage] Chrome
2023-12-28 05:51:52 INFO  [pages.homepage] Info Message!
2023-12-28 05:51:52 WARN  [pages.homepage] Warn Message!
2023-12-28 05:51:52 ERROR [pages.homepage] Error Message!
2023-12-28 05:51:52 FATAL [pages.homepage] Fatal Message!
2023-12-28 05:51:57 INFO  [utils.Base] Browser Launched
2023-12-28 05:52:00 INFO  [utils.Base] Browser Loaded the URL
2023-12-28 05:52:01 INFO  [pages.homepage] 1234
2023-12-28 05:52:01 INFO  [pages.homepage] qwert
2023-12-28 05:52:01 INFO  [pages.homepage] Chrome
2023-12-28 05:52:01 INFO  [pages.homepage] Info Message!
2023-12-28 05:52:01 WARN  [pages.homepage] Warn Message!
2023-12-28 05:52:01 ERROR [pages.homepage] Error Message!
2023-12-28 05:52:01 FATAL [pages.homepage] Fatal Message!
