2023-12-28 05:41:50 INFO  [utils.Base] Browser Launched
2023-12-28 05:41:53 INFO  [utils.Base] Browser Loaded the URL
2023-12-28 05:41:57 INFO  [pages.homepage] 1234
2023-12-28 05:41:57 INFO  [pages.homepage] qwert
2023-12-28 05:41:57 INFO  [pages.homepage] Chrome
2023-12-28 05:42:00 INFO  [pages.homepage] Info Message!
2023-12-28 05:42:00 WARN  [pages.homepage] Warn Message!
2023-12-28 05:42:00 ERROR [pages.homepage] Error Message!
2023-12-28 05:42:00 FATAL [pages.homepage] Fatal Message!
2023-12-28 05:42:15 INFO  [utils.Base] Browser Launched
2023-12-28 05:42:18 INFO  [utils.Base] Browser Loaded the URL
2023-12-28 05:42:19 INFO  [pages.homepage] 1234
2023-12-28 05:42:19 INFO  [pages.homepage] qwert
2023-12-28 05:42:19 INFO  [pages.homepage] Chrome
2023-12-28 05:42:20 INFO  [pages.homepage] Info Message!
2023-12-28 05:42:20 WARN  [pages.homepage] Warn Message!
2023-12-28 05:42:20 ERROR [pages.homepage] Error Message!
2023-12-28 05:42:20 FATAL [pages.homepage] Fatal Message!
2023-12-28 05:42:27 INFO  [utils.Base] Browser Launched
2023-12-28 05:42:29 INFO  [utils.Base] Browser Loaded the URL
2023-12-28 05:42:31 INFO  [pages.homepage] 1234
2023-12-28 05:42:31 INFO  [pages.homepage] qwert
2023-12-28 05:42:31 INFO  [pages.homepage] Chrome
2023-12-28 05:42:31 INFO  [pages.homepage] Info Message!
2023-12-28 05:42:31 WARN  [pages.homepage] Warn Message!
2023-12-28 05:42:31 ERROR [pages.homepage] Error Message!
2023-12-28 05:42:31 FATAL [pages.homepage] Fatal Message!
