2023-12-28 06:03:33 INFO  [utils.Base] Browser Launched
2023-12-28 06:03:36 INFO  [utils.Base] Browser Loaded the URL
2023-12-28 06:03:38 INFO  [pages.homepage] 1234
2023-12-28 06:03:38 INFO  [pages.homepage] qwert
2023-12-28 06:03:38 INFO  [pages.homepage] Chrome
2023-12-28 06:03:40 INFO  [pages.homepage] Info Message!
2023-12-28 06:03:40 WARN  [pages.homepage] Warn Message!
2023-12-28 06:03:40 ERROR [pages.homepage] Error Message!
2023-12-28 06:03:40 FATAL [pages.homepage] Fatal Message!
2023-12-28 06:03:51 INFO  [utils.Base] Browser Launched
2023-12-28 06:03:53 INFO  [utils.Base] Browser Loaded the URL
2023-12-28 06:03:55 INFO  [pages.homepage] 1234
2023-12-28 06:03:55 INFO  [pages.homepage] qwert
2023-12-28 06:03:55 INFO  [pages.homepage] Chrome
2023-12-28 06:03:55 INFO  [pages.homepage] Info Message!
2023-12-28 06:03:55 WARN  [pages.homepage] Warn Message!
2023-12-28 06:03:55 ERROR [pages.homepage] Error Message!
2023-12-28 06:03:55 FATAL [pages.homepage] Fatal Message!
2023-12-28 06:04:01 INFO  [utils.Base] Browser Launched
2023-12-28 06:04:03 INFO  [utils.Base] Browser Loaded the URL
2023-12-28 06:04:05 INFO  [pages.homepage] 1234
2023-12-28 06:04:05 INFO  [pages.homepage] qwert
2023-12-28 06:04:05 INFO  [pages.homepage] Chrome
2023-12-28 06:04:06 INFO  [pages.homepage] Info Message!
2023-12-28 06:04:06 WARN  [pages.homepage] Warn Message!
2023-12-28 06:04:06 ERROR [pages.homepage] Error Message!
2023-12-28 06:04:06 FATAL [pages.homepage] Fatal Message!
